2017-10-12 23:47:04,858 [Worker-5] INFO  c.g.t.t.d.PublishedGradleVersions - Gradle version information cache is out-of-date. Trying to update.
2017-10-14 15:37:54,443 [Worker-1] INFO  c.g.t.t.d.PublishedGradleVersions - Gradle version information cache is out-of-date. Trying to update.
2017-12-09 13:51:54,600 [Worker-6] INFO  c.g.t.t.d.PublishedGradleVersions - Gradle version information cache is out-of-date. Trying to update.
2018-01-06 00:43:05,262 [Worker-1] INFO  c.g.t.t.d.PublishedGradleVersions - Gradle version information cache is out-of-date. Trying to update.
2018-01-06 00:43:35,938 [Worker-1] INFO  c.g.t.t.d.PublishedGradleVersions - Updating Gradle version information cache failed. Using outdated cache.
2018-01-06 07:39:07,238 [Worker-3] INFO  c.g.t.t.d.PublishedGradleVersions - Gradle version information cache is out-of-date. Trying to update.
2018-01-06 20:10:33,942 [Worker-8] INFO  c.g.t.t.d.PublishedGradleVersions - Gradle version information cache is up-to-date. Trying to read.
2018-01-07 06:52:38,808 [Worker-0] INFO  c.g.t.t.d.PublishedGradleVersions - Gradle version information cache is up-to-date. Trying to read.
2018-01-07 07:13:07,817 [main] INFO  org.eclipse.jetty.util.log - Logging initialized @1376930ms to org.eclipse.jetty.util.log.Slf4jLog
2018-01-07 07:13:08,399 [main] INFO  org.eclipse.jetty.server.Server - jetty-9.4.5.v20170502
2018-01-07 07:13:08,479 [main] INFO  org.eclipse.jetty.server.session - DefaultSessionIdManager workerName=node0
2018-01-07 07:13:08,480 [main] INFO  org.eclipse.jetty.server.session - No SessionScavenger set, using defaults
2018-01-07 07:13:08,490 [main] INFO  org.eclipse.jetty.server.session - Scavenging every 600000ms
2018-01-07 07:13:08,577 [main] INFO  o.e.j.server.handler.ContextHandler - Started o.e.j.s.ServletContextHandler@3c066b66{/wse,null,AVAILABLE}
2018-01-07 07:13:08,592 [main] INFO  o.e.jetty.server.AbstractConnector - Started ServerConnector@e73d826{HTTP/1.1,[http/1.1]}{0.0.0.0:50106}
2018-01-07 07:13:08,593 [main] INFO  org.eclipse.jetty.server.Server - Started @1377706ms
2018-01-07 07:26:45,594 [Framework stop] INFO  o.e.jetty.server.AbstractConnector - Stopped ServerConnector@e73d826{HTTP/1.1,[http/1.1]}{0.0.0.0:0}
2018-01-07 07:26:45,601 [Framework stop] INFO  org.eclipse.jetty.server.session - Stopped scavenging
2018-01-07 07:26:45,639 [Framework stop] INFO  o.e.j.server.handler.ContextHandler - Stopped o.e.j.s.ServletContextHandler@3c066b66{/wse,null,UNAVAILABLE}
2018-01-07 14:07:22,727 [Worker-8] INFO  c.g.t.t.d.PublishedGradleVersions - Gradle version information cache is out-of-date. Trying to update.
2018-01-07 21:15:13,141 [Worker-129] WARN  org.eclipse.jgit.util.FS - Exception caught during execution of command '[git, config, --system, --edit]' in '/usr/bin', return code '128', error message 'fatal: Could not switch to '/Library/Developer/CommandLineTools/usr/etc/': No such file or directory
'
2018-01-07 22:44:58,792 [Worker-5] INFO  c.g.t.t.d.PublishedGradleVersions - Gradle version information cache is up-to-date. Trying to read.
2018-01-07 23:40:08,806 [Worker-1] INFO  c.g.t.t.d.PublishedGradleVersions - Gradle version information cache is up-to-date. Trying to read.
2018-01-07 23:41:12,419 [Worker-23] WARN  org.eclipse.jgit.util.FS - Exception caught during execution of command '[git, config, --system, --edit]' in '/usr/bin', return code '128', error message 'fatal: Could not switch to '/Library/Developer/CommandLineTools/usr/etc/': No such file or directory
'
2018-01-10 10:11:04,962 [Worker-6] INFO  c.g.t.t.d.PublishedGradleVersions - Gradle version information cache is out-of-date. Trying to update.
2018-01-10 10:11:07,259 [Worker-5] WARN  org.eclipse.jgit.util.FS - Exception caught during execution of command '[git, config, --system, --edit]' in '/usr/bin', return code '128', error message 'fatal: Could not switch to '/Library/Developer/CommandLineTools/usr/etc/': No such file or directory
'
2018-01-11 09:54:37,468 [Worker-6] INFO  c.g.t.t.d.PublishedGradleVersions - Gradle version information cache is up-to-date. Trying to read.
2018-01-11 09:54:38,755 [Worker-4] WARN  org.eclipse.jgit.util.FS - Exception caught during execution of command '[git, config, --system, --edit]' in '/usr/bin', return code '128', error message 'fatal: Could not switch to '/Library/Developer/CommandLineTools/usr/etc/': No such file or directory
'
2018-01-12 01:48:33,331 [Worker-5] INFO  c.g.t.t.d.PublishedGradleVersions - Gradle version information cache is out-of-date. Trying to update.
2018-01-12 01:48:34,594 [Worker-7] WARN  org.eclipse.jgit.util.FS - Exception caught during execution of command '[git, config, --system, --edit]' in '/usr/bin', return code '128', error message 'fatal: Could not switch to '/Library/Developer/CommandLineTools/usr/etc/': No such file or directory
'
2018-01-13 00:40:28,560 [Worker-0] INFO  c.g.t.t.d.PublishedGradleVersions - Gradle version information cache is up-to-date. Trying to read.
2018-01-13 00:40:31,403 [Worker-1] WARN  org.eclipse.jgit.util.FS - Exception caught during execution of command '[git, config, --system, --edit]' in '/usr/bin', return code '128', error message 'fatal: Could not switch to '/Library/Developer/CommandLineTools/usr/etc/': No such file or directory
'
2018-01-21 19:33:38,916 [Worker-8] INFO  c.g.t.t.d.PublishedGradleVersions - Gradle version information cache is out-of-date. Trying to update.
2018-01-21 19:33:40,724 [Worker-10] WARN  org.eclipse.jgit.util.FS - Exception caught during execution of command '[git, config, --system, --edit]' in '/usr/bin', return code '128', error message 'fatal: Could not switch to '/Library/Developer/CommandLineTools/usr/etc/': No such file or directory
'
2018-01-21 20:24:16,309 [Worker-8] INFO  c.g.t.t.d.PublishedGradleVersions - Gradle version information cache is up-to-date. Trying to read.
2018-01-21 20:24:17,556 [Worker-1] WARN  org.eclipse.jgit.util.FS - Exception caught during execution of command '[git, config, --system, --edit]' in '/usr/bin', return code '128', error message 'fatal: Could not switch to '/Library/Developer/CommandLineTools/usr/etc/': No such file or directory
'
2018-01-21 20:53:12,850 [Worker-4] INFO  c.g.t.t.d.PublishedGradleVersions - Gradle version information cache is up-to-date. Trying to read.
2018-01-21 20:53:14,246 [Worker-5] WARN  org.eclipse.jgit.util.FS - Exception caught during execution of command '[git, config, --system, --edit]' in '/usr/bin', return code '128', error message 'fatal: Could not switch to '/Library/Developer/CommandLineTools/usr/etc/': No such file or directory
'
